{"uuid":"68f58519-51ff-4544-9449-2f6b8bce80e0","historyId":"4cc63395f5438276292ce12096e32084","fullName":"com.akhbar24.tests.SearchTest.testSearchWithValidKeyword","labels":[{"name":"package","value":"com.akhbar24.tests.SearchTest"},{"name":"testClass","value":"com.akhbar24.tests.SearchTest"},{"name":"testMethod","value":"testSearchWithValidKeyword"},{"name":"parentSuite","value":"Default Suite"},{"name":"suite","value":"akhbar24-v1"},{"name":"subSuite","value":"com.akhbar24.tests.SearchTest"},{"name":"host","value":"DESKTOP-0OH831K"},{"name":"thread","value":"18600@DESKTOP-0OH831K.main(1)"},{"name":"framework","value":"testng"},{"name":"language","value":"java"}],"links":[],"name":"testSearchWithValidKeyword","status":"broken","statusDetails":{"known":false,"muted":false,"flaky":false,"message":"An unknown server-side error occurred while processing the command. Original error: Error executing adbExec. Original error: 'Command 'C:\\\\Users\\\\user\\\\AppData\\\\Local\\\\Android\\\\Sdk\\\\platform-tools\\\\adb.exe -P 5037 -s emulator-5554 shell input text \\&BicGRAYzBjkGSAYvBkoGKQ-' exited with code 127'; Command output: /system/bin/sh: BicGRAYzBjkGSAYvBkoGKQ-: inaccessible or not found\r\n\r\nException occurred while executing 'text':\r\njava.lang.IllegalArgumentException: Argument expected after \"text\"\r\n\tat com.android.modules.utils.BasicShellCommandHandler.getNextArgRequired(BasicShellCommandHandler.java:295)\r\n\tat com.android.server.input.InputShellCommand.runText(InputShellCommand.java:365)\r\n\tat com.android.server.input.InputShellCommand.onCommand(InputShellCommand.java:290)\r\n\tat com.android.modules.utils.BasicShellCommandHandler.exec(BasicShellCommandHandler.java:97)\r\n\tat android.os.ShellCommand.exec(ShellCommand.java:38)\r\n\tat com.android.server.input.InputManagerService.onShellCommand(InputManagerService.java:3869)\r\n\tat android.os.Binder.shellCommand(Binder.java:1146)\r\n\tat android.os.Binder.onTransact(Binder.java:948)\r\n\tat android.hardware.input.IInputManager$Stub.onTransact(IInputManager.java:1574)\r\n\tat android.os.Binder.execTransactInternal(Binder.java:1414)\r\n\tat android.os.Binder.execTransact(Binder.java:1353)\r\n\nBuild info: version: '4.33.0', revision: '2c6aaad03a'\nSystem info: os.name: 'Windows 11', os.arch: 'amd64', os.version: '10.0', java.version: '17.0.10'\nDriver info: io.appium.java_client.android.AndroidDriver\nCommand: [86376090-a8b0-4811-9c1a-9838b5fa8c23, executeScript {script=mobile: type, args=[{text=السعودية}]}]\nCapabilities {appium:app: C:/Users/user/Downloads/app..., appium:appPackage: com.argaam.akhbaar24, appium:appWaitDuration: 60000, appium:autoGrantPermissions: true, appium:automationName: UiAutomator2, appium:databaseEnabled: false, appium:desired: {app: C:/Users/user/Downloads/app..., appWaitDuration: 60000, autoGrantPermissions: true, automationName: UiAutomator2, deviceName: Pixel 7a, platformName: ANDROID}, appium:deviceApiLevel: 36, appium:deviceManufacturer: Google, appium:deviceModel: sdk_gphone64_x86_64, appium:deviceName: emulator-5554, appium:deviceScreenDensity: 420, appium:deviceScreenSize: 1080x2400, appium:deviceUDID: emulator-5554, appium:javascriptEnabled: true, appium:locationContextEnabled: false, appium:networkConnectionEnabled: true, appium:pixelRatio: 2.625, appium:platformVersion: 16, appium:statBarHeight: 118, appium:takesScreenshot: true, appium:viewportRect: {height: 2282, left: 0, top: 118, width: 1080}, appium:warnings: {}, appium:webStorageEnabled: false, platformName: ANDROID}\nSession ID: 86376090-a8b0-4811-9c1a-9838b5fa8c23","trace":"org.openqa.selenium.WebDriverException: An unknown server-side error occurred while processing the command. Original error: Error executing adbExec. Original error: 'Command 'C:\\\\Users\\\\user\\\\AppData\\\\Local\\\\Android\\\\Sdk\\\\platform-tools\\\\adb.exe -P 5037 -s emulator-5554 shell input text \\&BicGRAYzBjkGSAYvBkoGKQ-' exited with code 127'; Command output: /system/bin/sh: BicGRAYzBjkGSAYvBkoGKQ-: inaccessible or not found\r\n\r\nException occurred while executing 'text':\r\njava.lang.IllegalArgumentException: Argument expected after \"text\"\r\n\tat com.android.modules.utils.BasicShellCommandHandler.getNextArgRequired(BasicShellCommandHandler.java:295)\r\n\tat com.android.server.input.InputShellCommand.runText(InputShellCommand.java:365)\r\n\tat com.android.server.input.InputShellCommand.onCommand(InputShellCommand.java:290)\r\n\tat com.android.modules.utils.BasicShellCommandHandler.exec(BasicShellCommandHandler.java:97)\r\n\tat android.os.ShellCommand.exec(ShellCommand.java:38)\r\n\tat com.android.server.input.InputManagerService.onShellCommand(InputManagerService.java:3869)\r\n\tat android.os.Binder.shellCommand(Binder.java:1146)\r\n\tat android.os.Binder.onTransact(Binder.java:948)\r\n\tat android.hardware.input.IInputManager$Stub.onTransact(IInputManager.java:1574)\r\n\tat android.os.Binder.execTransactInternal(Binder.java:1414)\r\n\tat android.os.Binder.execTransact(Binder.java:1353)\r\n\nBuild info: version: '4.33.0', revision: '2c6aaad03a'\nSystem info: os.name: 'Windows 11', os.arch: 'amd64', os.version: '10.0', java.version: '17.0.10'\nDriver info: io.appium.java_client.android.AndroidDriver\nCommand: [86376090-a8b0-4811-9c1a-9838b5fa8c23, executeScript {script=mobile: type, args=[{text=السعودية}]}]\nCapabilities {appium:app: C:/Users/user/Downloads/app..., appium:appPackage: com.argaam.akhbaar24, appium:appWaitDuration: 60000, appium:autoGrantPermissions: true, appium:automationName: UiAutomator2, appium:databaseEnabled: false, appium:desired: {app: C:/Users/user/Downloads/app..., appWaitDuration: 60000, autoGrantPermissions: true, automationName: UiAutomator2, deviceName: Pixel 7a, platformName: ANDROID}, appium:deviceApiLevel: 36, appium:deviceManufacturer: Google, appium:deviceModel: sdk_gphone64_x86_64, appium:deviceName: emulator-5554, appium:deviceScreenDensity: 420, appium:deviceScreenSize: 1080x2400, appium:deviceUDID: emulator-5554, appium:javascriptEnabled: true, appium:locationContextEnabled: false, appium:networkConnectionEnabled: true, appium:pixelRatio: 2.625, appium:platformVersion: 16, appium:statBarHeight: 118, appium:takesScreenshot: true, appium:viewportRect: {height: 2282, left: 0, top: 118, width: 1080}, appium:warnings: {}, appium:webStorageEnabled: false, platformName: ANDROID}\nSession ID: 86376090-a8b0-4811-9c1a-9838b5fa8c23\r\n\tat java.base/jdk.internal.reflect.NativeConstructorAccessorImpl.newInstance0(Native Method)\r\n\tat java.base/jdk.internal.reflect.NativeConstructorAccessorImpl.newInstance(NativeConstructorAccessorImpl.java:77)\r\n\tat java.base/jdk.internal.reflect.DelegatingConstructorAccessorImpl.newInstance(DelegatingConstructorAccessorImpl.java:45)\r\n\tat java.base/java.lang.reflect.Constructor.newInstanceWithCaller(Constructor.java:499)\r\n\tat java.base/java.lang.reflect.Constructor.newInstance(Constructor.java:480)\r\n\tat org.openqa.selenium.remote.ErrorCodec.decode(ErrorCodec.java:167)\r\n\tat org.openqa.selenium.remote.codec.w3c.W3CHttpResponseCodec.decode(W3CHttpResponseCodec.java:138)\r\n\tat org.openqa.selenium.remote.codec.w3c.W3CHttpResponseCodec.decode(W3CHttpResponseCodec.java:50)\r\n\tat org.openqa.selenium.remote.HttpCommandExecutor.execute(HttpCommandExecutor.java:215)\r\n\tat io.appium.java_client.remote.AppiumCommandExecutor.execute(AppiumCommandExecutor.java:237)\r\n\tat org.openqa.selenium.remote.RemoteWebDriver.execute(RemoteWebDriver.java:544)\r\n\tat org.openqa.selenium.remote.RemoteWebDriver.executeScript(RemoteWebDriver.java:475)\r\n\tat com.akhbar24.tests.SearchTest.testSearchWithValidKeyword(SearchTest.java:19)\r\n\tat java.base/jdk.internal.reflect.NativeMethodAccessorImpl.invoke0(Native Method)\r\n\tat java.base/jdk.internal.reflect.NativeMethodAccessorImpl.invoke(NativeMethodAccessorImpl.java:77)\r\n\tat java.base/jdk.internal.reflect.DelegatingMethodAccessorImpl.invoke(DelegatingMethodAccessorImpl.java:43)\r\n\tat java.base/java.lang.reflect.Method.invoke(Method.java:568)\r\n\tat org.testng.internal.invokers.MethodInvocationHelper.invokeMethod(MethodInvocationHelper.java:141)\r\n\tat org.testng.internal.invokers.TestInvoker.invokeMethod(TestInvoker.java:686)\r\n\tat org.testng.internal.invokers.TestInvoker.invokeTestMethod(TestInvoker.java:230)\r\n\tat org.testng.internal.invokers.MethodRunner.runInSequence(MethodRunner.java:63)\r\n\tat org.testng.internal.invokers.TestInvoker$MethodInvocationAgent.invoke(TestInvoker.java:992)\r\n\tat org.testng.internal.invokers.TestInvoker.invokeTestMethods(TestInvoker.java:203)\r\n\tat org.testng.internal.invokers.TestMethodWorker.invokeTestMethods(TestMethodWorker.java:154)\r\n\tat org.testng.internal.invokers.TestMethodWorker.run(TestMethodWorker.java:134)\r\n\tat java.base/java.util.ArrayList.forEach(ArrayList.java:1511)\r\n\tat org.testng.TestRunner.privateRun(TestRunner.java:739)\r\n\tat org.testng.TestRunner.run(TestRunner.java:614)\r\n\tat org.testng.SuiteRunner.runTest(SuiteRunner.java:421)\r\n\tat org.testng.SuiteRunner.runSequentially(SuiteRunner.java:413)\r\n\tat org.testng.SuiteRunner.privateRun(SuiteRunner.java:373)\r\n\tat org.testng.SuiteRunner.run(SuiteRunner.java:312)\r\n\tat org.testng.SuiteRunnerWorker.runSuite(SuiteRunnerWorker.java:52)\r\n\tat org.testng.SuiteRunnerWorker.run(SuiteRunnerWorker.java:95)\r\n\tat org.testng.TestNG.runSuitesSequentially(TestNG.java:1274)\r\n\tat org.testng.TestNG.runSuitesLocally(TestNG.java:1208)\r\n\tat org.testng.TestNG.runSuites(TestNG.java:1112)\r\n\tat org.testng.TestNG.run(TestNG.java:1079)\r\n\tat com.intellij.rt.testng.IDEARemoteTestNG.run(IDEARemoteTestNG.java:65)\r\n\tat com.intellij.rt.testng.RemoteTestNGStarter.main(RemoteTestNGStarter.java:105)\r\n"},"stage":"finished","steps":[],"attachments":[],"parameters":[],"start":1748326509797,"stop":1748326520081}